c:\users\joe\documents\visual studio 2012\projects\2dsetup\2dsetup\src\game.c:43: ---==== BEGIN ====---
c:\users\joe\documents\visual studio 2012\projects\2dsetup\2dsetup\src\gf2d_graphics.c:132: graphics initialized
c:\users\joe\documents\visual studio 2012\projects\2dsetup\2dsetup\src\gf2d_sprite.c:44: sprite system initialized
c:\users\joe\documents\visual studio 2012\projects\2dsetup\2dsetup\src\entity.c:52: entity system initialized
c:\users\joe\documents\visual studio 2012\projects\2dsetup\2dsetup\src\audio.c:93: audio system initialized
c:\users\joe\documents\visual studio 2012\projects\2dsetup\2dsetup\src\window.c:47: window system initialized
c:\users\joe\documents\visual studio 2012\projects\2dsetup\2dsetup\src\game.c:72: No controllers connected!
c:\users\joe\documents\visual studio 2012\projects\2dsetup\2dsetup\src\game.c:307: Rendering at 1.058201 FPS
c:\users\joe\documents\visual studio 2012\projects\2dsetup\2dsetup\src\game.c:307: Rendering at 62.500000 FPS
c:\users\joe\documents\visual studio 2012\projects\2dsetup\2dsetup\src\game.c:307: Rendering at 58.823528 FPS
c:\users\joe\documents\visual studio 2012\projects\2dsetup\2dsetup\src\game.c:307: Rendering at 58.823528 FPS
c:\users\joe\documents\visual studio 2012\projects\2dsetup\2dsetup\src\game.c:307: Rendering at 62.500000 FPS
c:\users\joe\documents\visual studio 2012\projects\2dsetup\2dsetup\src\game.c:307: Rendering at 62.500000 FPS
c:\users\joe\documents\visual studio 2012\projects\2dsetup\2dsetup\src\game.c:307: Rendering at 62.500000 FPS
c:\users\joe\documents\visual studio 2012\projects\2dsetup\2dsetup\src\game.c:307: Rendering at 62.500000 FPS
c:\users\joe\documents\visual studio 2012\projects\2dsetup\2dsetup\src\game.c:307: Rendering at 62.500000 FPS
c:\users\joe\documents\visual studio 2012\projects\2dsetup\2dsetup\src\game.c:307: Rendering at 62.500000 FPS
c:\users\joe\documents\visual studio 2012\projects\2dsetup\2dsetup\src\game.c:307: Rendering at 62.500000 FPS
c:\users\joe\documents\visual studio 2012\projects\2dsetup\2dsetup\src\game.c:307: Rendering at 62.500000 FPS
c:\users\joe\documents\visual studio 2012\projects\2dsetup\2dsetup\src\game.c:307: Rendering at 62.500000 FPS
c:\users\joe\documents\visual studio 2012\projects\2dsetup\2dsetup\src\game.c:307: Rendering at 62.500000 FPS
c:\users\joe\documents\visual studio 2012\projects\2dsetup\2dsetup\src\game.c:307: Rendering at 62.500000 FPS
c:\users\joe\documents\visual studio 2012\projects\2dsetup\2dsetup\src\game.c:307: Rendering at 62.500000 FPS
c:\users\joe\documents\visual studio 2012\projects\2dsetup\2dsetup\src\game.c:307: Rendering at 58.823528 FPS
c:\users\joe\documents\visual studio 2012\projects\2dsetup\2dsetup\src\game.c:307: Rendering at 62.500000 FPS
c:\users\joe\documents\visual studio 2012\projects\2dsetup\2dsetup\src\game.c:307: Rendering at 62.500000 FPS
c:\users\joe\documents\visual studio 2012\projects\2dsetup\2dsetup\src\game.c:307: Rendering at 62.500000 FPS
c:\users\joe\documents\visual studio 2012\projects\2dsetup\2dsetup\src\game.c:307: Rendering at 62.500000 FPS
c:\users\joe\documents\visual studio 2012\projects\2dsetup\2dsetup\src\game.c:307: Rendering at 62.500000 FPS
c:\users\joe\documents\visual studio 2012\projects\2dsetup\2dsetup\src\game.c:307: Rendering at 58.823528 FPS
c:\users\joe\documents\visual studio 2012\projects\2dsetup\2dsetup\src\game.c:307: Rendering at 62.500000 FPS
c:\users\joe\documents\visual studio 2012\projects\2dsetup\2dsetup\src\game.c:307: Rendering at 58.823528 FPS
c:\users\joe\documents\visual studio 2012\projects\2dsetup\2dsetup\src\game.c:307: Rendering at 58.823528 FPS
c:\users\joe\documents\visual studio 2012\projects\2dsetup\2dsetup\src\game.c:307: Rendering at 62.500000 FPS
c:\users\joe\documents\visual studio 2012\projects\2dsetup\2dsetup\src\game.c:307: Rendering at 58.823528 FPS
c:\users\joe\documents\visual studio 2012\projects\2dsetup\2dsetup\src\game.c:307: Rendering at 58.823528 FPS
c:\users\joe\documents\visual studio 2012\projects\2dsetup\2dsetup\src\game.c:307: Rendering at 62.500000 FPS
c:\users\joe\documents\visual studio 2012\projects\2dsetup\2dsetup\src\game.c:307: Rendering at 58.823528 FPS
c:\users\joe\documents\visual studio 2012\projects\2dsetup\2dsetup\src\game.c:307: Rendering at 62.500000 FPS
c:\users\joe\documents\visual studio 2012\projects\2dsetup\2dsetup\src\game.c:307: Rendering at 62.500000 FPS
c:\users\joe\documents\visual studio 2012\projects\2dsetup\2dsetup\src\game.c:307: Rendering at 62.500000 FPS
c:\users\joe\documents\visual studio 2012\projects\2dsetup\2dsetup\src\game.c:307: Rendering at 58.823528 FPS
c:\users\joe\documents\visual studio 2012\projects\2dsetup\2dsetup\src\game.c:307: Rendering at 58.823528 FPS
c:\users\joe\documents\visual studio 2012\projects\2dsetup\2dsetup\src\game.c:307: Rendering at 58.823528 FPS
c:\users\joe\documents\visual studio 2012\projects\2dsetup\2dsetup\src\game.c:307: Rendering at 58.823528 FPS
c:\users\joe\documents\visual studio 2012\projects\2dsetup\2dsetup\src\game.c:307: Rendering at 62.500000 FPS
c:\users\joe\documents\visual studio 2012\projects\2dsetup\2dsetup\src\level.c:58: Level background: images/bg/l1b.png
c:\users\joe\documents\visual studio 2012\projects\2dsetup\2dsetup\src\level.c:64: Level music: audio/littletown.mid
c:\users\joe\documents\visual studio 2012\projects\2dsetup\2dsetup\src\level.c:70: Music loop: 1
c:\users\joe\documents\visual studio 2012\projects\2dsetup\2dsetup\src\entity.c:464: Entity type: 0
c:\users\joe\documents\visual studio 2012\projects\2dsetup\2dsetup\src\entity.c:480: Entity sprite: images/Soldier/player.png
c:\users\joe\documents\visual studio 2012\projects\2dsetup\2dsetup\src\entity.c:491: Entity update is: player_update
c:\users\joe\documents\visual studio 2012\projects\2dsetup\2dsetup\src\entity.c:518: Entity position.x: 600.000000
c:\users\joe\documents\visual studio 2012\projects\2dsetup\2dsetup\src\entity.c:519: Entity position.y: 350.000000
c:\users\joe\documents\visual studio 2012\projects\2dsetup\2dsetup\src\entity.c:534: Entity frame: 0
c:\users\joe\documents\visual studio 2012\projects\2dsetup\2dsetup\src\entity.c:540: Entity health: 3
c:\users\joe\documents\visual studio 2012\projects\2dsetup\2dsetup\src\entity.c:464: Entity type: 7
c:\users\joe\documents\visual studio 2012\projects\2dsetup\2dsetup\src\entity.c:480: Entity sprite: images/Enemies/skeleton.png
c:\users\joe\documents\visual studio 2012\projects\2dsetup\2dsetup\src\entity.c:499: Entity update is: enemy_u
c:\users\joe\documents\visual studio 2012\projects\2dsetup\2dsetup\src\entity.c:508: Entity spawned: 1
c:\users\joe\documents\visual studio 2012\projects\2dsetup\2dsetup\src\entity.c:518: Entity position.x: 0.000000
c:\users\joe\documents\visual studio 2012\projects\2dsetup\2dsetup\src\entity.c:519: Entity position.y: 0.000000
c:\users\joe\documents\visual studio 2012\projects\2dsetup\2dsetup\src\entity.c:534: Entity frame: 0
c:\users\joe\documents\visual studio 2012\projects\2dsetup\2dsetup\src\entity.c:546: Entity drop: 1
c:\users\joe\documents\visual studio 2012\projects\2dsetup\2dsetup\src\entity.c:553: Drop file: def/entity/healthDrop.drop
c:\users\joe\documents\visual studio 2012\projects\2dsetup\2dsetup\src\entity.c:464: Entity type: 7
c:\users\joe\documents\visual studio 2012\projects\2dsetup\2dsetup\src\entity.c:480: Entity sprite: images/Enemies/skeleton.png
c:\users\joe\documents\visual studio 2012\projects\2dsetup\2dsetup\src\entity.c:499: Entity update is: enemy_u
c:\users\joe\documents\visual studio 2012\projects\2dsetup\2dsetup\src\entity.c:508: Entity spawned: 1
c:\users\joe\documents\visual studio 2012\projects\2dsetup\2dsetup\src\entity.c:518: Entity position.x: 1200.000000
c:\users\joe\documents\visual studio 2012\projects\2dsetup\2dsetup\src\entity.c:519: Entity position.y: 0.000000
c:\users\joe\documents\visual studio 2012\projects\2dsetup\2dsetup\src\entity.c:534: Entity frame: 0
c:\users\joe\documents\visual studio 2012\projects\2dsetup\2dsetup\src\entity.c:464: Entity type: 7
c:\users\joe\documents\visual studio 2012\projects\2dsetup\2dsetup\src\entity.c:480: Entity sprite: images/Enemies/skeleton.png
c:\users\joe\documents\visual studio 2012\projects\2dsetup\2dsetup\src\entity.c:499: Entity update is: enemy_u
c:\users\joe\documents\visual studio 2012\projects\2dsetup\2dsetup\src\entity.c:508: Entity spawned: 1
c:\users\joe\documents\visual studio 2012\projects\2dsetup\2dsetup\src\entity.c:518: Entity position.x: 0.000000
c:\users\joe\documents\visual studio 2012\projects\2dsetup\2dsetup\src\entity.c:519: Entity position.y: 700.000000
c:\users\joe\documents\visual studio 2012\projects\2dsetup\2dsetup\src\entity.c:534: Entity frame: 0
c:\users\joe\documents\visual studio 2012\projects\2dsetup\2dsetup\src\entity.c:464: Entity type: 1
c:\users\joe\documents\visual studio 2012\projects\2dsetup\2dsetup\src\entity.c:508: Entity spawned: 0
c:\users\joe\documents\visual studio 2012\projects\2dsetup\2dsetup\src\entity.c:527: Sound:
c:\users\joe\documents\visual studio 2012\projects\2dsetup\2dsetup\src\level.c:81: Entity File: def/level/level1List.entities
c:\users\joe\documents\visual studio 2012\projects\2dsetup\2dsetup\src\game.c:297: level 1 loaded
c:\users\joe\documents\visual studio 2012\projects\2dsetup\2dsetup\src\game.c:307: Rendering at 62.500000 FPS
c:\users\joe\documents\visual studio 2012\projects\2dsetup\2dsetup\src\game.c:222: Rendering at 2.409639 FPS
c:\users\joe\documents\visual studio 2012\projects\2dsetup\2dsetup\src\game.c:222: Rendering at 62.500000 FPS
c:\users\joe\documents\visual studio 2012\projects\2dsetup\2dsetup\src\game.c:222: Rendering at 58.823528 FPS
c:\users\joe\documents\visual studio 2012\projects\2dsetup\2dsetup\src\game.c:222: Rendering at 58.823528 FPS
c:\users\joe\documents\visual studio 2012\projects\2dsetup\2dsetup\src\game.c:222: Rendering at 58.823528 FPS
c:\users\joe\documents\visual studio 2012\projects\2dsetup\2dsetup\src\game.c:222: Rendering at 62.500000 FPS
c:\users\joe\documents\visual studio 2012\projects\2dsetup\2dsetup\src\game.c:222: Rendering at 62.500000 FPS
c:\users\joe\documents\visual studio 2012\projects\2dsetup\2dsetup\src\game.c:222: Rendering at 62.500000 FPS
c:\users\joe\documents\visual studio 2012\projects\2dsetup\2dsetup\src\game.c:222: Rendering at 58.823528 FPS
c:\users\joe\documents\visual studio 2012\projects\2dsetup\2dsetup\src\game.c:222: Rendering at 58.823528 FPS
c:\users\joe\documents\visual studio 2012\projects\2dsetup\2dsetup\src\game.c:222: Rendering at 58.823528 FPS
c:\users\joe\documents\visual studio 2012\projects\2dsetup\2dsetup\src\game.c:222: Rendering at 62.500000 FPS
c:\users\joe\documents\visual studio 2012\projects\2dsetup\2dsetup\src\game.c:222: Rendering at 58.823528 FPS
c:\users\joe\documents\visual studio 2012\projects\2dsetup\2dsetup\src\game.c:222: Rendering at 62.500000 FPS
c:\users\joe\documents\visual studio 2012\projects\2dsetup\2dsetup\src\game.c:222: Rendering at 58.823528 FPS
c:\users\joe\documents\visual studio 2012\projects\2dsetup\2dsetup\src\game.c:222: Rendering at 58.823528 FPS
c:\users\joe\documents\visual studio 2012\projects\2dsetup\2dsetup\src\game.c:222: Rendering at 62.500000 FPS
c:\users\joe\documents\visual studio 2012\projects\2dsetup\2dsetup\src\game.c:222: Rendering at 58.823528 FPS
c:\users\joe\documents\visual studio 2012\projects\2dsetup\2dsetup\src\game.c:222: Rendering at 58.823528 FPS
c:\users\joe\documents\visual studio 2012\projects\2dsetup\2dsetup\src\game.c:222: Rendering at 58.823528 FPS
c:\users\joe\documents\visual studio 2012\projects\2dsetup\2dsetup\src\game.c:222: Rendering at 58.823528 FPS
c:\users\joe\documents\visual studio 2012\projects\2dsetup\2dsetup\src\game.c:222: Rendering at 62.500000 FPS
c:\users\joe\documents\visual studio 2012\projects\2dsetup\2dsetup\src\game.c:222: Rendering at 58.823528 FPS
c:\users\joe\documents\visual studio 2012\projects\2dsetup\2dsetup\src\game.c:222: Rendering at 62.500000 FPS
c:\users\joe\documents\visual studio 2012\projects\2dsetup\2dsetup\src\game.c:222: Rendering at 62.500000 FPS
c:\users\joe\documents\visual studio 2012\projects\2dsetup\2dsetup\src\game.c:222: Rendering at 62.500000 FPS
c:\users\joe\documents\visual studio 2012\projects\2dsetup\2dsetup\src\game.c:222: Rendering at 62.500000 FPS
c:\users\joe\documents\visual studio 2012\projects\2dsetup\2dsetup\src\game.c:222: Rendering at 62.500000 FPS
c:\users\joe\documents\visual studio 2012\projects\2dsetup\2dsetup\src\game.c:222: Rendering at 58.823528 FPS
c:\users\joe\documents\visual studio 2012\projects\2dsetup\2dsetup\src\game.c:222: Rendering at 58.823528 FPS
c:\users\joe\documents\visual studio 2012\projects\2dsetup\2dsetup\src\game.c:222: Rendering at 62.500000 FPS
c:\users\joe\documents\visual studio 2012\projects\2dsetup\2dsetup\src\game.c:222: Rendering at 62.500000 FPS
c:\users\joe\documents\visual studio 2012\projects\2dsetup\2dsetup\src\game.c:222: Rendering at 62.500000 FPS
c:\users\joe\documents\visual studio 2012\projects\2dsetup\2dsetup\src\game.c:222: Rendering at 62.500000 FPS
c:\users\joe\documents\visual studio 2012\projects\2dsetup\2dsetup\src\game.c:222: Rendering at 62.500000 FPS
c:\users\joe\documents\visual studio 2012\projects\2dsetup\2dsetup\src\game.c:222: Rendering at 58.823528 FPS
c:\users\joe\documents\visual studio 2012\projects\2dsetup\2dsetup\src\game.c:222: Rendering at 62.500000 FPS
c:\users\joe\documents\visual studio 2012\projects\2dsetup\2dsetup\src\game.c:222: Rendering at 62.500000 FPS
c:\users\joe\documents\visual studio 2012\projects\2dsetup\2dsetup\src\game.c:222: Rendering at 62.500000 FPS
c:\users\joe\documents\visual studio 2012\projects\2dsetup\2dsetup\src\game.c:222: Rendering at 62.500000 FPS
c:\users\joe\documents\visual studio 2012\projects\2dsetup\2dsetup\src\game.c:222: Rendering at 62.500000 FPS
c:\users\joe\documents\visual studio 2012\projects\2dsetup\2dsetup\src\game.c:222: Rendering at 62.500000 FPS
c:\users\joe\documents\visual studio 2012\projects\2dsetup\2dsetup\src\game.c:222: Rendering at 62.500000 FPS
c:\users\joe\documents\visual studio 2012\projects\2dsetup\2dsetup\src\game.c:222: Rendering at 62.500000 FPS
c:\users\joe\documents\visual studio 2012\projects\2dsetup\2dsetup\src\game.c:222: Rendering at 62.500000 FPS
c:\users\joe\documents\visual studio 2012\projects\2dsetup\2dsetup\src\game.c:222: Rendering at 62.500000 FPS
c:\users\joe\documents\visual studio 2012\projects\2dsetup\2dsetup\src\game.c:222: Rendering at 62.500000 FPS
c:\users\joe\documents\visual studio 2012\projects\2dsetup\2dsetup\src\game.c:222: Rendering at 58.823528 FPS
c:\users\joe\documents\visual studio 2012\projects\2dsetup\2dsetup\src\game.c:222: Rendering at 62.500000 FPS
c:\users\joe\documents\visual studio 2012\projects\2dsetup\2dsetup\src\game.c:222: Rendering at 58.823528 FPS
c:\users\joe\documents\visual studio 2012\projects\2dsetup\2dsetup\src\game.c:222: Rendering at 62.500000 FPS
c:\users\joe\documents\visual studio 2012\projects\2dsetup\2dsetup\src\game.c:222: Rendering at 62.500000 FPS
c:\users\joe\documents\visual studio 2012\projects\2dsetup\2dsetup\src\game.c:222: Rendering at 58.823528 FPS
c:\users\joe\documents\visual studio 2012\projects\2dsetup\2dsetup\src\game.c:222: Rendering at 58.823528 FPS
c:\users\joe\documents\visual studio 2012\projects\2dsetup\2dsetup\src\game.c:222: Rendering at 58.823528 FPS
c:\users\joe\documents\visual studio 2012\projects\2dsetup\2dsetup\src\game.c:222: Rendering at 62.500000 FPS
c:\users\joe\documents\visual studio 2012\projects\2dsetup\2dsetup\src\game.c:222: Rendering at 58.823528 FPS
c:\users\joe\documents\visual studio 2012\projects\2dsetup\2dsetup\src\game.c:222: Rendering at 62.500000 FPS
c:\users\joe\documents\visual studio 2012\projects\2dsetup\2dsetup\src\game.c:222: Rendering at 62.500000 FPS
c:\users\joe\documents\visual studio 2012\projects\2dsetup\2dsetup\src\game.c:222: Rendering at 62.500000 FPS
c:\users\joe\documents\visual studio 2012\projects\2dsetup\2dsetup\src\game.c:222: Rendering at 62.500000 FPS
c:\users\joe\documents\visual studio 2012\projects\2dsetup\2dsetup\src\game.c:222: Rendering at 62.500000 FPS
c:\users\joe\documents\visual studio 2012\projects\2dsetup\2dsetup\src\game.c:222: Rendering at 62.500000 FPS
c:\users\joe\documents\visual studio 2012\projects\2dsetup\2dsetup\src\game.c:222: Rendering at 62.500000 FPS
c:\users\joe\documents\visual studio 2012\projects\2dsetup\2dsetup\src\game.c:222: Rendering at 58.823528 FPS
c:\users\joe\documents\visual studio 2012\projects\2dsetup\2dsetup\src\game.c:222: Rendering at 58.823528 FPS
c:\users\joe\documents\visual studio 2012\projects\2dsetup\2dsetup\src\game.c:222: Rendering at 62.500000 FPS
c:\users\joe\documents\visual studio 2012\projects\2dsetup\2dsetup\src\game.c:222: Rendering at 62.500000 FPS
c:\users\joe\documents\visual studio 2012\projects\2dsetup\2dsetup\src\game.c:222: Rendering at 62.500000 FPS
c:\users\joe\documents\visual studio 2012\projects\2dsetup\2dsetup\src\game.c:222: Rendering at 58.823528 FPS
c:\users\joe\documents\visual studio 2012\projects\2dsetup\2dsetup\src\game.c:222: Rendering at 58.823528 FPS
c:\users\joe\documents\visual studio 2012\projects\2dsetup\2dsetup\src\game.c:222: Rendering at 62.500000 FPS
c:\users\joe\documents\visual studio 2012\projects\2dsetup\2dsetup\src\game.c:222: Rendering at 62.500000 FPS
c:\users\joe\documents\visual studio 2012\projects\2dsetup\2dsetup\src\game.c:222: Rendering at 62.500000 FPS
c:\users\joe\documents\visual studio 2012\projects\2dsetup\2dsetup\src\game.c:222: Rendering at 62.500000 FPS
c:\users\joe\documents\visual studio 2012\projects\2dsetup\2dsetup\src\game.c:222: Rendering at 62.500000 FPS
c:\users\joe\documents\visual studio 2012\projects\2dsetup\2dsetup\src\game.c:222: Rendering at 58.823528 FPS
c:\users\joe\documents\visual studio 2012\projects\2dsetup\2dsetup\src\game.c:222: Rendering at 58.823528 FPS
c:\users\joe\documents\visual studio 2012\projects\2dsetup\2dsetup\src\game.c:222: Rendering at 62.500000 FPS
c:\users\joe\documents\visual studio 2012\projects\2dsetup\2dsetup\src\game.c:222: Rendering at 62.500000 FPS
c:\users\joe\documents\visual studio 2012\projects\2dsetup\2dsetup\src\game.c:222: Rendering at 62.500000 FPS
c:\users\joe\documents\visual studio 2012\projects\2dsetup\2dsetup\src\game.c:222: Rendering at 58.823528 FPS
c:\users\joe\documents\visual studio 2012\projects\2dsetup\2dsetup\src\game.c:222: Rendering at 58.823528 FPS
c:\users\joe\documents\visual studio 2012\projects\2dsetup\2dsetup\src\game.c:222: Rendering at 62.500000 FPS
c:\users\joe\documents\visual studio 2012\projects\2dsetup\2dsetup\src\game.c:222: Rendering at 58.823528 FPS
c:\users\joe\documents\visual studio 2012\projects\2dsetup\2dsetup\src\game.c:222: Rendering at 58.823528 FPS
c:\users\joe\documents\visual studio 2012\projects\2dsetup\2dsetup\src\game.c:222: Rendering at 62.500000 FPS
c:\users\joe\documents\visual studio 2012\projects\2dsetup\2dsetup\src\game.c:222: Rendering at 62.500000 FPS
c:\users\joe\documents\visual studio 2012\projects\2dsetup\2dsetup\src\game.c:230: ---==== END ====---
c:\users\joe\documents\visual studio 2012\projects\2dsetup\2dsetup\src\window.c:21: Window system closed
c:\users\joe\documents\visual studio 2012\projects\2dsetup\2dsetup\src\audio.c:36: Audio system is closed.
c:\users\joe\documents\visual studio 2012\projects\2dsetup\2dsetup\src\entity.c:26: entity system closed
c:\users\joe\documents\visual studio 2012\projects\2dsetup\2dsetup\src\gf2d_sprite.c:27: sprite system closed
c:\users\joe\documents\visual studio 2012\projects\2dsetup\2dsetup\src\gf2d_graphics.c:163: graphics closed
