Build started 12/16/2017 2:48:53 PM.
     1>Project "C:\Users\Joe\documents\visual studio 2012\Projects\2Dsetup\2Dsetup\2Dsetup.vcxproj" on node 2 (Build target(s)).
     1>ClCompile:
         C:\Program Files (x86)\Microsoft Visual Studio 11.0\VC\bin\CL.exe /c /I"C:\Users\Joe\Downloads\physfs-3.0.1.tar\physfs-3.0.1\physfs-3.0.1\src\"C:\Users\Joe\Downloads\physfs-3.0.1.tar\physfs-3.0.1\physfs-3.0.1\src\"" /IC:\Users\Joe\git\libs\x86 /ZI /nologo /W3 /WX- /sdl /Od /Oy- /D WIN32 /D _DEBUG /D _CONSOLE /D _CRT_SECURE_NO_WARNINGS /D _UNICODE /D UNICODE /Gm /EHsc /RTC1 /MDd /GS /fp:precise /Zc:wchar_t /Zc:forScope /Fo"Debug\\" /Fd"Debug\vc110.pdb" /Gd /TC /analyze- /errorReport:prompt src\enemy.c src\entity.c
         entity.c
     1>c:\users\joe\documents\visual studio 2012\projects\2dsetup\2dsetup\src\entity.c(51): warning C4113: 'void (__cdecl *)()' differs in parameter lists from 'void (__cdecl *)(void)'
     1>c:\users\joe\documents\visual studio 2012\projects\2dsetup\2dsetup\src\entity.c(80): warning C4018: '<' : signed/unsigned mismatch
     1>c:\users\joe\documents\visual studio 2012\projects\2dsetup\2dsetup\src\entity.c(91): warning C4018: '<' : signed/unsigned mismatch
     1>c:\users\joe\documents\visual studio 2012\projects\2dsetup\2dsetup\src\entity.c(116): warning C4018: '<' : signed/unsigned mismatch
     1>c:\users\joe\documents\visual studio 2012\projects\2dsetup\2dsetup\src\entity.c(149): warning C4018: '<' : signed/unsigned mismatch
     1>c:\users\joe\documents\visual studio 2012\projects\2dsetup\2dsetup\src\entity.c(202): warning C4018: '<' : signed/unsigned mismatch
     1>c:\users\joe\documents\visual studio 2012\projects\2dsetup\2dsetup\src\entity.c(219): warning C4018: '<' : signed/unsigned mismatch
     1>c:\users\joe\documents\visual studio 2012\projects\2dsetup\2dsetup\src\entity.c(241): warning C4018: '<' : signed/unsigned mismatch
     1>c:\users\joe\documents\visual studio 2012\projects\2dsetup\2dsetup\src\entity.c(256): warning C4018: '<' : signed/unsigned mismatch
     1>c:\users\joe\documents\visual studio 2012\projects\2dsetup\2dsetup\src\entity.c(275): warning C4018: '<' : signed/unsigned mismatch
     1>c:\users\joe\documents\visual studio 2012\projects\2dsetup\2dsetup\src\entity.c(298): warning C4018: '<' : signed/unsigned mismatch
     1>c:\users\joe\documents\visual studio 2012\projects\2dsetup\2dsetup\src\entity.c(319): warning C4018: '<' : signed/unsigned mismatch
     1>c:\users\joe\documents\visual studio 2012\projects\2dsetup\2dsetup\src\entity.c(339): warning C4018: '<' : signed/unsigned mismatch
     1>c:\users\joe\documents\visual studio 2012\projects\2dsetup\2dsetup\src\entity.c(355): warning C4018: '<' : signed/unsigned mismatch
     1>c:\users\joe\documents\visual studio 2012\projects\2dsetup\2dsetup\src\entity.c(369): warning C4018: '<' : signed/unsigned mismatch
     1>c:\users\joe\documents\visual studio 2012\projects\2dsetup\2dsetup\src\entity.c(384): warning C4018: '<' : signed/unsigned mismatch
     1>c:\users\joe\documents\visual studio 2012\projects\2dsetup\2dsetup\src\entity.c(398): warning C4018: '<' : signed/unsigned mismatch
     1>c:\users\joe\documents\visual studio 2012\projects\2dsetup\2dsetup\src\entity.c(412): warning C4018: '<' : signed/unsigned mismatch
     1>c:\users\joe\documents\visual studio 2012\projects\2dsetup\2dsetup\src\entity.c(426): warning C4018: '<' : signed/unsigned mismatch
     1>c:\users\joe\documents\visual studio 2012\projects\2dsetup\2dsetup\src\entity.c(441): warning C4018: '<' : signed/unsigned mismatch
     1>c:\users\joe\documents\visual studio 2012\projects\2dsetup\2dsetup\src\entity.c(450): warning C4018: '<' : signed/unsigned mismatch
     1>c:\users\joe\documents\visual studio 2012\projects\2dsetup\2dsetup\src\entity.c(467): warning C4101: 'entSound' : unreferenced local variable
     1>c:\users\joe\documents\visual studio 2012\projects\2dsetup\2dsetup\src\entity.c(641): warning C4244: '=' : conversion from 'double' to 'int', possible loss of data
     1>c:\users\joe\documents\visual studio 2012\projects\2dsetup\2dsetup\src\entity.c(642): warning C4244: '=' : conversion from 'double' to 'int', possible loss of data
     1>c:\users\joe\documents\visual studio 2012\projects\2dsetup\2dsetup\src\entity.c(643): warning C4244: '=' : conversion from 'double' to 'int', possible loss of data
     1>c:\users\joe\documents\visual studio 2012\projects\2dsetup\2dsetup\src\entity.c(644): warning C4244: '=' : conversion from 'double' to 'int', possible loss of data
     1>c:\users\joe\documents\visual studio 2012\projects\2dsetup\2dsetup\src\entity.c(646): warning C4305: '+=' : truncation from 'double' to 'float'
     1>c:\users\joe\documents\visual studio 2012\projects\2dsetup\2dsetup\src\entity.c(663): warning C4018: '<' : signed/unsigned mismatch
     1>c:\users\joe\documents\visual studio 2012\projects\2dsetup\2dsetup\src\entity.c(678): warning C4018: '<' : signed/unsigned mismatch
     1>c:\users\joe\documents\visual studio 2012\projects\2dsetup\2dsetup\src\entity.c(692): warning C4018: '<' : signed/unsigned mismatch
     1>c:\users\joe\documents\visual studio 2012\projects\2dsetup\2dsetup\src\entity.c(714): warning C4018: '<' : signed/unsigned mismatch
     1>c:\users\joe\documents\visual studio 2012\projects\2dsetup\2dsetup\src\entity.c(735): warning C4018: '<' : signed/unsigned mismatch
         enemy.c
     1>c:\users\joe\documents\visual studio 2012\projects\2dsetup\2dsetup\src\enemy.c(30): warning C4244: '=' : conversion from 'double' to 'int', possible loss of data
     1>c:\users\joe\documents\visual studio 2012\projects\2dsetup\2dsetup\src\enemy.c(31): warning C4244: '=' : conversion from 'double' to 'int', possible loss of data
     1>c:\users\joe\documents\visual studio 2012\projects\2dsetup\2dsetup\src\enemy.c(39): warning C4305: '+=' : truncation from 'double' to 'float'
     1>c:\users\joe\documents\visual studio 2012\projects\2dsetup\2dsetup\src\enemy.c(69): warning C4244: '=' : conversion from 'double' to 'int', possible loss of data
     1>c:\users\joe\documents\visual studio 2012\projects\2dsetup\2dsetup\src\enemy.c(70): warning C4244: '=' : conversion from 'double' to 'int', possible loss of data
     1>c:\users\joe\documents\visual studio 2012\projects\2dsetup\2dsetup\src\enemy.c(91): warning C4305: '=' : truncation from 'double' to 'float'
     1>c:\users\joe\documents\visual studio 2012\projects\2dsetup\2dsetup\src\enemy.c(106): warning C4244: '=' : conversion from 'double' to 'float', possible loss of data
     1>c:\users\joe\documents\visual studio 2012\projects\2dsetup\2dsetup\src\enemy.c(107): warning C4244: '=' : conversion from 'double' to 'float', possible loss of data
     1>c:\users\joe\documents\visual studio 2012\projects\2dsetup\2dsetup\src\enemy.c(111): warning C4244: '=' : conversion from 'double' to 'float', possible loss of data
     1>c:\users\joe\documents\visual studio 2012\projects\2dsetup\2dsetup\src\enemy.c(119): warning C4244: '=' : conversion from 'float' to 'int', possible loss of data
     1>c:\users\joe\documents\visual studio 2012\projects\2dsetup\2dsetup\src\enemy.c(120): warning C4244: '=' : conversion from 'float' to 'int', possible loss of data
     1>c:\users\joe\documents\visual studio 2012\projects\2dsetup\2dsetup\src\enemy.c(131): warning C4244: '=' : conversion from 'double' to 'int', possible loss of data
     1>c:\users\joe\documents\visual studio 2012\projects\2dsetup\2dsetup\src\enemy.c(132): warning C4244: '=' : conversion from 'double' to 'int', possible loss of data
     1>c:\users\joe\documents\visual studio 2012\projects\2dsetup\2dsetup\src\enemy.c(151): warning C4305: '=' : truncation from 'double' to 'float'
     1>c:\users\joe\documents\visual studio 2012\projects\2dsetup\2dsetup\src\enemy.c(161): warning C4244: '=' : conversion from 'double' to 'float', possible loss of data
     1>c:\users\joe\documents\visual studio 2012\projects\2dsetup\2dsetup\src\enemy.c(162): warning C4244: '=' : conversion from 'double' to 'float', possible loss of data
     1>c:\users\joe\documents\visual studio 2012\projects\2dsetup\2dsetup\src\enemy.c(166): warning C4244: '=' : conversion from 'double' to 'float', possible loss of data
     1>c:\users\joe\documents\visual studio 2012\projects\2dsetup\2dsetup\src\enemy.c(173): warning C4244: '=' : conversion from 'float' to 'int', possible loss of data
     1>c:\users\joe\documents\visual studio 2012\projects\2dsetup\2dsetup\src\enemy.c(174): warning C4244: '=' : conversion from 'float' to 'int', possible loss of data
     1>c:\users\joe\documents\visual studio 2012\projects\2dsetup\2dsetup\src\enemy.c(216): warning C4244: '=' : conversion from 'double' to 'int', possible loss of data
     1>c:\users\joe\documents\visual studio 2012\projects\2dsetup\2dsetup\src\enemy.c(217): warning C4244: '=' : conversion from 'double' to 'int', possible loss of data
     1>c:\users\joe\documents\visual studio 2012\projects\2dsetup\2dsetup\src\enemy.c(236): warning C4305: '=' : truncation from 'double' to 'float'
     1>c:\users\joe\documents\visual studio 2012\projects\2dsetup\2dsetup\src\enemy.c(253): warning C4244: '=' : conversion from 'double' to 'float', possible loss of data
     1>c:\users\joe\documents\visual studio 2012\projects\2dsetup\2dsetup\src\enemy.c(254): warning C4244: '=' : conversion from 'double' to 'float', possible loss of data
     1>c:\users\joe\documents\visual studio 2012\projects\2dsetup\2dsetup\src\enemy.c(258): warning C4244: '=' : conversion from 'double' to 'float', possible loss of data
     1>c:\users\joe\documents\visual studio 2012\projects\2dsetup\2dsetup\src\enemy.c(265): warning C4244: '=' : conversion from 'float' to 'int', possible loss of data
     1>c:\users\joe\documents\visual studio 2012\projects\2dsetup\2dsetup\src\enemy.c(266): warning C4244: '=' : conversion from 'float' to 'int', possible loss of data
     1>c:\users\joe\documents\visual studio 2012\projects\2dsetup\2dsetup\src\enemy.c(275): warning C4305: '+=' : truncation from 'double' to 'float'
     1>c:\users\joe\documents\visual studio 2012\projects\2dsetup\2dsetup\src\enemy.c(294): warning C4244: '=' : conversion from 'double' to 'int', possible loss of data
     1>c:\users\joe\documents\visual studio 2012\projects\2dsetup\2dsetup\src\enemy.c(295): warning C4244: '=' : conversion from 'double' to 'int', possible loss of data
         Generating Code...
       Link:
         C:\Program Files (x86)\Microsoft Visual Studio 11.0\VC\bin\link.exe /ERRORREPORT:PROMPT /OUT:"C:\Users\Joe\documents\visual studio 2012\Projects\2Dsetup\2Dsetup.exe" /INCREMENTAL /NOLOGO /LIBPATH:C:\Users\Joe\git\libs\x86 SDL2.lib SDL2main.lib SDL2_image.lib SDL2_mixer.lib SDL2_ttf.lib physfs.lib kernel32.lib user32.lib gdi32.lib winspool.lib comdlg32.lib advapi32.lib shell32.lib ole32.lib oleaut32.lib uuid.lib odbc32.lib odbccp32.lib /MANIFEST /MANIFESTUAC:"level='asInvoker' uiAccess='false'" /manifest:embed /DEBUG /PDB:"C:\Users\Joe\documents\visual studio 2012\Projects\2Dsetup\2Dsetup.pdb" /SUBSYSTEM:CONSOLE /TLBID:1 /DYNAMICBASE /NXCOMPAT /IMPLIB:"C:\Users\Joe\documents\visual studio 2012\Projects\2Dsetup\2Dsetup.lib" /MACHINE:X86 Debug\audio.obj
         Debug\enemy.obj
         Debug\entity.obj
         Debug\game.obj
         Debug\gf2d_draw.obj
         Debug\gf2d_graphics.obj
         Debug\gf2d_sprite.obj
         Debug\gf2d_vector.obj
         Debug\level.obj
         Debug\menus.obj
         Debug\player.obj
         Debug\simple_logger.obj
         Debug\widgets.obj
         Debug\window.obj
         2Dsetup.vcxproj -> C:\Users\Joe\documents\visual studio 2012\Projects\2Dsetup\2Dsetup.exe
     1>Done Building Project "C:\Users\Joe\documents\visual studio 2012\Projects\2Dsetup\2Dsetup\2Dsetup.vcxproj" (Build target(s)).

Build succeeded.

Time Elapsed 00:00:00.90
