C:\USERS\JOE\DOCUMENTS\VISUAL STUDIO 2012\PROJECTS\2DSETUP\2DSETUP\DEBUG\GAME.OBJ
C:\USERS\JOE\DOCUMENTS\VISUAL STUDIO 2012\PROJECTS\2DSETUP\2DSETUP\DEBUG\GF2D_DRAW.OBJ
C:\USERS\JOE\DOCUMENTS\VISUAL STUDIO 2012\PROJECTS\2DSETUP\2DSETUP\DEBUG\GF2D_GRAPHICS.OBJ
C:\USERS\JOE\DOCUMENTS\VISUAL STUDIO 2012\PROJECTS\2DSETUP\2DSETUP\DEBUG\GF2D_SPRITE.OBJ
C:\USERS\JOE\DOCUMENTS\VISUAL STUDIO 2012\PROJECTS\2DSETUP\2DSETUP\DEBUG\GF2D_VECTOR.OBJ
C:\USERS\JOE\DOCUMENTS\VISUAL STUDIO 2012\PROJECTS\2DSETUP\2DSETUP\DEBUG\SIMPLE_LOGGER.OBJ
C:\USERS\JOE\DOCUMENTS\VISUAL STUDIO 2012\PROJECTS\2DSETUP\2DSETUP\DEBUG\VC110.PDB
C:\USERS\JOE\DOCUMENTS\VISUAL STUDIO 2012\PROJECTS\2DSETUP\2DSETUP.ILK
C:\USERS\JOE\DOCUMENTS\VISUAL STUDIO 2012\PROJECTS\2DSETUP\2DSETUP.EXE
C:\USERS\JOE\DOCUMENTS\VISUAL STUDIO 2012\PROJECTS\2DSETUP\2DSETUP.PDB
c:\Users\Joe\documents\visual studio 2012\Projects\2Dsetup\2Dsetup\Debug\game.obj
c:\Users\Joe\documents\visual studio 2012\Projects\2Dsetup\2Dsetup\Debug\gf2d_draw.obj
c:\Users\Joe\documents\visual studio 2012\Projects\2Dsetup\2Dsetup\Debug\gf2d_graphics.obj
c:\Users\Joe\documents\visual studio 2012\Projects\2Dsetup\2Dsetup\Debug\gf2d_sprite.obj
c:\Users\Joe\documents\visual studio 2012\Projects\2Dsetup\2Dsetup\Debug\gf2d_vector.obj
c:\Users\Joe\documents\visual studio 2012\Projects\2Dsetup\2Dsetup\Debug\simple_logger.obj
c:\Users\Joe\documents\visual studio 2012\Projects\2Dsetup\2Dsetup\Debug\cl.command.1.tlog
c:\Users\Joe\documents\visual studio 2012\Projects\2Dsetup\2Dsetup\Debug\CL.read.1.tlog
c:\Users\Joe\documents\visual studio 2012\Projects\2Dsetup\2Dsetup\Debug\CL.write.1.tlog
c:\Users\Joe\documents\visual studio 2012\Projects\2Dsetup\2Dsetup\Debug\link-cvtres.read.1.tlog
c:\Users\Joe\documents\visual studio 2012\Projects\2Dsetup\2Dsetup\Debug\link-cvtres.write.1.tlog
c:\Users\Joe\documents\visual studio 2012\Projects\2Dsetup\2Dsetup\Debug\link-rc.read.1.tlog
c:\Users\Joe\documents\visual studio 2012\Projects\2Dsetup\2Dsetup\Debug\link-rc.write.1.tlog
c:\Users\Joe\documents\visual studio 2012\Projects\2Dsetup\2Dsetup\Debug\link.command.1.tlog
c:\Users\Joe\documents\visual studio 2012\Projects\2Dsetup\2Dsetup\Debug\link.read.1.tlog
c:\Users\Joe\documents\visual studio 2012\Projects\2Dsetup\2Dsetup\Debug\link.write.1.tlog
c:\Users\Joe\documents\visual studio 2012\Projects\2Dsetup\2Dsetup\Debug\vc110.idb
c:\Users\Joe\documents\visual studio 2012\Projects\2Dsetup\2Dsetup\Debug\vc110.pdb
c:\users\joe\documents\visual studio 2012\Projects\2Dsetup\2Dsetup.pdb
c:\users\joe\documents\visual studio 2012\Projects\2Dsetup\2Dsetup.exe
c:\users\joe\documents\visual studio 2012\Projects\2Dsetup\2Dsetup.ilk
